230704 23:36:16 mysqld_safe Starting mariadbd daemon with databases from /home/runner/Flarum/data
2023-07-04 23:36:17 0 [Note] /nix/store/83vs3hbhf61w6azvp6jkllvsmhwhikxf-mariadb-server-10.6.10/bin/mariadbd (server 10.6.10-MariaDB) starting as process 468 ...
2023-07-04 23:36:17 0 [Warning] Could not increase number of max_open_files to more than 20971 (request: 32194)
2023-07-04 23:36:17 0 [Note] InnoDB: Compressed tables use zlib 1.2.13
2023-07-04 23:36:17 0 [Note] InnoDB: Number of pools: 1
2023-07-04 23:36:17 0 [Note] InnoDB: Using crc32 + pclmulqdq instructions
2023-07-04 23:36:17 0 [Note] InnoDB: Using liburing
2023-07-04 23:36:17 0 [Note] InnoDB: Initializing buffer pool, total size = 134217728, chunk size = 134217728
2023-07-04 23:36:17 0 [Note] InnoDB: Completed initialization of buffer pool
2023-07-04 23:36:17 0 [Note] InnoDB: 128 rollback segments are active.
2023-07-04 23:36:17 0 [Note] InnoDB: Creating shared tablespace for temporary tables
2023-07-04 23:36:17 0 [Note] InnoDB: Setting file './ibtmp1' size to 1 MB. Physically writing the file full; Please wait ...
2023-07-04 23:36:17 0 [Note] InnoDB: File './ibtmp1' size is now 1 MB.
2023-07-04 23:36:17 0 [Note] InnoDB: 10.6.10 started; log sequence number 549561; transaction id 818
2023-07-04 23:36:17 0 [Note] InnoDB: Loading buffer pool(s) from /home/runner/Flarum/data/ib_buffer_pool
2023-07-04 23:36:17 0 [Note] Plugin 'FEEDBACK' is disabled.
2023-07-04 23:36:17 0 [Note] Server socket created on IP: '127.0.0.1'.
2023-07-04 23:36:17 0 [ERROR] Incorrect definition of table mysql.event: expected column 'definer' at position 3 to have type varchar(, found type char(141).
2023-07-04 23:36:17 0 [ERROR] mariadbd: Event Scheduler: An error occurred when initializing system tables. Disabling the Event Scheduler.
2023-07-04 23:36:17 1 [Warning] Failed to load slave replication state from table mysql.gtid_slave_pos: 1932: Table 'mysql.gtid_slave_pos' doesn't exist in engine
2023-07-04 23:36:17 0 [Note] /nix/store/83vs3hbhf61w6azvp6jkllvsmhwhikxf-mariadb-server-10.6.10/bin/mariadbd: ready for connections.
Version: '10.6.10-MariaDB'  socket: '/run/mysqld/mysqld.sock'  port: 3306  MariaDB Server
2023-07-04 23:36:17 0 [Note] /nix/store/83vs3hbhf61w6azvp6jkllvsmhwhikxf-mariadb-server-10.6.10/bin/mariadbd (initiated by: unknown): Normal shutdown
2023-07-04 23:36:17 0 [Note] InnoDB: Buffer pool(s) load aborted due to user instigated abort at 230704 23:36:17
2023-07-04 23:36:17 0 [Note] InnoDB: Dumping of buffer pool not started as load was incomplete
2023-07-04 23:36:17 0 [Note] InnoDB: FTS optimize thread exiting.
2023-07-04 23:36:17 0 [Note] InnoDB: Starting shutdown...
2023-07-04 23:36:17 0 [Note] InnoDB: Dumping of buffer pool not started as load was incomplete
2023-07-04 23:36:18 0 [Note] InnoDB: Removed temporary tablespace data file: "./ibtmp1"
2023-07-04 23:36:18 0 [Note] InnoDB: Shutdown completed; log sequence number 549573; transaction id 822
2023-07-04 23:36:18 0 [Note] /nix/store/83vs3hbhf61w6azvp6jkllvsmhwhikxf-mariadb-server-10.6.10/bin/mariadbd: Shutdown complete

Warning: Memory not freed: 4464
230704 23:36:18 mysqld_safe mysqld from pid file /home/runner/Flarum/data/aadbff6d841c.pid ended
230704 23:37:20 mysqld_safe Starting mariadbd daemon with databases from /home/runner/Flarum/data
2023-07-04 23:37:20 0 [Note] /nix/store/83vs3hbhf61w6azvp6jkllvsmhwhikxf-mariadb-server-10.6.10/bin/mariadbd (server 10.6.10-MariaDB) starting as process 794 ...
2023-07-04 23:37:20 0 [Warning] Could not increase number of max_open_files to more than 20971 (request: 32194)
2023-07-04 23:37:20 0 [Note] InnoDB: Compressed tables use zlib 1.2.13
2023-07-04 23:37:20 0 [Note] InnoDB: Number of pools: 1
2023-07-04 23:37:20 0 [Note] InnoDB: Using crc32 + pclmulqdq instructions
2023-07-04 23:37:20 0 [Note] InnoDB: Using liburing
2023-07-04 23:37:20 0 [Note] InnoDB: Initializing buffer pool, total size = 134217728, chunk size = 134217728
2023-07-04 23:37:20 0 [Note] InnoDB: Completed initialization of buffer pool
2023-07-04 23:37:20 0 [Note] InnoDB: 128 rollback segments are active.
2023-07-04 23:37:20 0 [Note] InnoDB: Creating shared tablespace for temporary tables
2023-07-04 23:37:20 0 [Note] InnoDB: Setting file './ibtmp1' size to 1 MB. Physically writing the file full; Please wait ...
2023-07-04 23:37:20 0 [Note] InnoDB: File './ibtmp1' size is now 1 MB.
2023-07-04 23:37:20 0 [Note] InnoDB: 10.6.10 started; log sequence number 549573; transaction id 818
2023-07-04 23:37:20 0 [Note] InnoDB: Loading buffer pool(s) from /home/runner/Flarum/data/ib_buffer_pool
2023-07-04 23:37:20 0 [Note] Plugin 'FEEDBACK' is disabled.
2023-07-04 23:37:20 0 [Note] Server socket created on IP: '127.0.0.1'.
2023-07-04 23:37:20 0 [ERROR] Incorrect definition of table mysql.event: expected column 'definer' at position 3 to have type varchar(, found type char(141).
2023-07-04 23:37:20 0 [ERROR] mariadbd: Event Scheduler: An error occurred when initializing system tables. Disabling the Event Scheduler.
2023-07-04 23:37:20 1 [Warning] Failed to load slave replication state from table mysql.gtid_slave_pos: 1932: Table 'mysql.gtid_slave_pos' doesn't exist in engine
2023-07-04 23:37:20 0 [Note] /nix/store/83vs3hbhf61w6azvp6jkllvsmhwhikxf-mariadb-server-10.6.10/bin/mariadbd: ready for connections.
Version: '10.6.10-MariaDB'  socket: '/run/mysqld/mysqld.sock'  port: 3306  MariaDB Server
2023-07-04 23:37:20 0 [Note] InnoDB: Buffer pool(s) load completed at 230704 23:37:20
230704 23:38:22 mysqld_safe A mysqld process already exists
